2026-01-10 02:39:58,467 - SYS_MAIN - INFO - --- ЗАПУСК СИСТЕМЫ 2026 [РЕЖИМ: REAL] ---
2026-01-10 02:39:58,472 - SYS_MAIN - INFO - Запуск HMI Streamlit...
2026-01-10 02:39:58,589 - SYS_MAIN - ERROR - Критическая ошибка: Терминал MT5 не запущен.
2026-01-10 02:48:10,125 - SYS_MAIN - INFO - --- ЗАПУСК СИСТЕМЫ 2026 ---
2026-01-10 02:48:10,130 - SYS_MAIN - INFO - Запуск HMI Streamlit...
2026-01-10 02:48:10,138 - SYS_MAIN - WARNING - MT5 не запущен. Ожидание переключения в SIM или запуска терминала...
2026-01-10 02:48:11,144 - SYS_MAIN - WARNING - MT5 не запущен. Ожидание переключения в SIM или запуска терминала...
2026-01-10 02:48:12,151 - SYS_MAIN - WARNING - MT5 не запущен. Ожидание переключения в SIM или запуска терминала...
2026-01-10 02:48:13,161 - SYS_MAIN - WARNING - MT5 не запущен. Ожидание переключения в SIM или запуска терминала...
2026-01-10 02:48:14,170 - SYS_MAIN - WARNING - MT5 не запущен. Ожидание переключения в SIM или запуска терминала...
2026-01-10 02:48:15,179 - SYS_MAIN - WARNING - MT5 не запущен. Ожидание переключения в SIM или запуска терминала...
2026-01-10 02:48:16,187 - SYS_MAIN - WARNING - MT5 не запущен. Ожидание переключения в SIM или запуска терминала...
2026-01-10 02:48:17,199 - SYS_MAIN - WARNING - MT5 не запущен. Ожидание переключения в SIM или запуска терминала...
2026-01-10 02:48:18,212 - SYS_MAIN - WARNING - MT5 не запущен. Ожидание переключения в SIM или запуска терминала...
2026-01-10 02:48:19,221 - SYS_MAIN - WARNING - MT5 не запущен. Ожидание переключения в SIM или запуска терминала...
2026-01-10 02:48:20,233 - SYS_MAIN - WARNING - MT5 не запущен. Ожидание переключения в SIM или запуска терминала...
2026-01-10 02:48:21,245 - SYS_MAIN - WARNING - MT5 не запущен. Ожидание переключения в SIM или запуска терминала...
2026-01-10 02:48:22,257 - SYS_MAIN - WARNING - MT5 не запущен. Ожидание переключения в SIM или запуска терминала...
2026-01-10 02:48:23,270 - SYS_MAIN - WARNING - MT5 не запущен. Ожидание переключения в SIM или запуска терминала...
2026-01-10 02:48:24,278 - SYS_MAIN - WARNING - MT5 не запущен. Ожидание переключения в SIM или запуска терминала...
2026-01-10 02:48:25,293 - SYS_MAIN - WARNING - MT5 не запущен. Ожидание переключения в SIM или запуска терминала...
2026-01-10 02:48:26,308 - SYS_MAIN - WARNING - MT5 не запущен. Ожидание переключения в SIM или запуска терминала...
2026-01-10 02:48:27,321 - SYS_MAIN - WARNING - MT5 не запущен. Ожидание переключения в SIM или запуска терминала...
2026-01-10 02:48:28,329 - SYS_MAIN - WARNING - MT5 не запущен. Ожидание переключения в SIM или запуска терминала...
2026-01-10 02:48:29,336 - SYS_MAIN - WARNING - MT5 не запущен. Ожидание переключения в SIM или запуска терминала...
2026-01-10 02:48:30,344 - SYS_MAIN - WARNING - MT5 не запущен. Ожидание переключения в SIM или запуска терминала...
2026-01-10 02:48:31,357 - SYS_MAIN - WARNING - MT5 не запущен. Ожидание переключения в SIM или запуска терминала...
2026-01-10 02:48:32,372 - SYS_MAIN - WARNING - MT5 не запущен. Ожидание переключения в SIM или запуска терминала...
2026-01-10 02:48:33,386 - SYS_MAIN - WARNING - MT5 не запущен. Ожидание переключения в SIM или запуска терминала...
2026-01-10 02:48:34,399 - SYS_MAIN - WARNING - MT5 не запущен. Ожидание переключения в SIM или запуска терминала...
2026-01-10 02:48:35,414 - SYS_MAIN - WARNING - MT5 не запущен. Ожидание переключения в SIM или запуска терминала...
2026-01-10 02:48:36,428 - SYS_MAIN - WARNING - MT5 не запущен. Ожидание переключения в SIM или запуска терминала...
2026-01-10 02:48:37,441 - SYS_MAIN - WARNING - MT5 не запущен. Ожидание переключения в SIM или запуска терминала...
2026-01-10 02:48:38,454 - SYS_MAIN - WARNING - MT5 не запущен. Ожидание переключения в SIM или запуска терминала...
2026-01-10 02:48:39,466 - SYS_MAIN - WARNING - MT5 не запущен. Ожидание переключения в SIM или запуска терминала...
2026-01-10 02:48:40,481 - SYS_MAIN - WARNING - MT5 не запущен. Ожидание переключения в SIM или запуска терминала...
2026-01-10 02:48:41,492 - SYS_MAIN - WARNING - MT5 не запущен. Ожидание переключения в SIM или запуска терминала...
2026-01-10 02:48:42,505 - SYS_MAIN - WARNING - MT5 не запущен. Ожидание переключения в SIM или запуска терминала...
2026-01-10 02:48:43,519 - SYS_MAIN - WARNING - MT5 не запущен. Ожидание переключения в SIM или запуска терминала...
2026-01-10 02:48:44,529 - SYS_MAIN - WARNING - MT5 не запущен. Ожидание переключения в SIM или запуска терминала...
2026-01-10 02:48:45,538 - SYS_MAIN - WARNING - MT5 не запущен. Ожидание переключения в SIM или запуска терминала...
2026-01-10 02:48:46,545 - SYS_MAIN - WARNING - MT5 не запущен. Ожидание переключения в SIM или запуска терминала...
2026-01-10 02:48:47,555 - SYS_MAIN - WARNING - MT5 не запущен. Ожидание переключения в SIM или запуска терминала...
2026-01-10 02:48:48,569 - SYS_MAIN - WARNING - MT5 не запущен. Ожидание переключения в SIM или запуска терминала...
2026-01-10 02:48:49,586 - SYS_MAIN - WARNING - MT5 не запущен. Ожидание переключения в SIM или запуска терминала...
2026-01-10 02:48:50,597 - SYS_MAIN - WARNING - MT5 не запущен. Ожидание переключения в SIM или запуска терминала...
2026-01-10 02:48:51,609 - SYS_MAIN - WARNING - MT5 не запущен. Ожидание переключения в SIM или запуска терминала...
2026-01-10 02:48:52,621 - SYS_MAIN - WARNING - MT5 не запущен. Ожидание переключения в SIM или запуска терминала...
2026-01-10 02:48:53,632 - SYS_MAIN - WARNING - MT5 не запущен. Ожидание переключения в SIM или запуска терминала...
2026-01-10 02:48:54,644 - SYS_MAIN - WARNING - MT5 не запущен. Ожидание переключения в SIM или запуска терминала...
2026-01-10 02:48:55,652 - SYS_MAIN - WARNING - MT5 не запущен. Ожидание переключения в SIM или запуска терминала...
2026-01-10 02:48:56,665 - SYS_MAIN - WARNING - MT5 не запущен. Ожидание переключения в SIM или запуска терминала...
2026-01-10 02:48:57,673 - SYS_MAIN - WARNING - MT5 не запущен. Ожидание переключения в SIM или запуска терминала...
2026-01-10 02:48:58,686 - SYS_MAIN - WARNING - MT5 не запущен. Ожидание переключения в SIM или запуска терминала...
2026-01-10 02:48:59,697 - SYS_MAIN - WARNING - MT5 не запущен. Ожидание переключения в SIM или запуска терминала...
2026-01-10 02:49:00,710 - SYS_MAIN - WARNING - MT5 не запущен. Ожидание переключения в SIM или запуска терминала...
2026-01-10 02:49:01,721 - SYS_MAIN - WARNING - MT5 не запущен. Ожидание переключения в SIM или запуска терминала...
2026-01-10 02:49:02,733 - SYS_MAIN - WARNING - MT5 не запущен. Ожидание переключения в SIM или запуска терминала...
2026-01-10 02:49:03,745 - SYS_MAIN - WARNING - MT5 не запущен. Ожидание переключения в SIM или запуска терминала...
2026-01-10 02:49:04,757 - SYS_MAIN - WARNING - MT5 не запущен. Ожидание переключения в SIM или запуска терминала...
2026-01-10 02:49:05,769 - SYS_MAIN - WARNING - MT5 не запущен. Ожидание переключения в SIM или запуска терминала...
2026-01-10 02:49:06,781 - SYS_MAIN - WARNING - MT5 не запущен. Ожидание переключения в SIM или запуска терминала...
2026-01-10 02:49:07,795 - SYS_MAIN - WARNING - MT5 не запущен. Ожидание переключения в SIM или запуска терминала...
2026-01-10 02:49:08,807 - SYS_MAIN - WARNING - MT5 не запущен. Ожидание переключения в SIM или запуска терминала...
2026-01-10 02:49:09,815 - SYS_MAIN - WARNING - MT5 не запущен. Ожидание переключения в SIM или запуска терминала...
2026-01-10 02:49:10,823 - SYS_MAIN - WARNING - MT5 не запущен. Ожидание переключения в SIM или запуска терминала...
2026-01-10 02:49:11,834 - SYS_MAIN - WARNING - MT5 не запущен. Ожидание переключения в SIM или запуска терминала...
2026-01-10 02:49:12,846 - SYS_MAIN - WARNING - MT5 не запущен. Ожидание переключения в SIM или запуска терминала...
2026-01-10 02:49:13,858 - SYS_MAIN - WARNING - MT5 не запущен. Ожидание переключения в SIM или запуска терминала...
2026-01-10 02:49:14,867 - SYS_MAIN - WARNING - MT5 не запущен. Ожидание переключения в SIM или запуска терминала...
2026-01-10 02:49:15,874 - SYS_MAIN - WARNING - MT5 не запущен. Ожидание переключения в SIM или запуска терминала...
2026-01-10 02:49:16,883 - SYS_MAIN - WARNING - MT5 не запущен. Ожидание переключения в SIM или запуска терминала...
2026-01-10 02:49:17,888 - SYS_MAIN - WARNING - MT5 не запущен. Ожидание переключения в SIM или запуска терминала...
2026-01-10 02:49:18,897 - SYS_MAIN - WARNING - MT5 не запущен. Ожидание переключения в SIM или запуска терминала...
2026-01-10 02:49:19,912 - SYS_MAIN - WARNING - MT5 не запущен. Ожидание переключения в SIM или запуска терминала...
2026-01-10 02:49:20,924 - SYS_MAIN - WARNING - MT5 не запущен. Ожидание переключения в SIM или запуска терминала...
2026-01-10 02:49:21,934 - SYS_MAIN - WARNING - MT5 не запущен. Ожидание переключения в SIM или запуска терминала...
2026-01-10 02:49:22,945 - SYS_MAIN - WARNING - MT5 не запущен. Ожидание переключения в SIM или запуска терминала...
2026-01-10 02:49:23,958 - SYS_MAIN - WARNING - MT5 не запущен. Ожидание переключения в SIM или запуска терминала...
2026-01-10 02:49:24,966 - SYS_MAIN - WARNING - MT5 не запущен. Ожидание переключения в SIM или запуска терминала...
2026-01-10 02:49:25,978 - SYS_MAIN - WARNING - MT5 не запущен. Ожидание переключения в SIM или запуска терминала...
2026-01-10 02:49:26,990 - SYS_MAIN - WARNING - MT5 не запущен. Ожидание переключения в SIM или запуска терминала...
2026-01-10 02:49:28,005 - SYS_MAIN - WARNING - MT5 не запущен. Ожидание переключения в SIM или запуска терминала...
2026-01-10 02:49:29,018 - SYS_MAIN - WARNING - MT5 не запущен. Ожидание переключения в SIM или запуска терминала...
2026-01-10 02:49:30,031 - SYS_MAIN - WARNING - MT5 не запущен. Ожидание переключения в SIM или запуска терминала...
2026-01-10 02:49:31,039 - SYS_MAIN - WARNING - MT5 не запущен. Ожидание переключения в SIM или запуска терминала...
2026-01-10 02:49:32,049 - SYS_MAIN - WARNING - MT5 не запущен. Ожидание переключения в SIM или запуска терминала...
2026-01-10 02:49:33,057 - SYS_MAIN - WARNING - MT5 не запущен. Ожидание переключения в SIM или запуска терминала...
2026-01-10 02:49:34,069 - SYS_MAIN - WARNING - MT5 не запущен. Ожидание переключения в SIM или запуска терминала...
2026-01-10 02:49:35,079 - SYS_MAIN - WARNING - MT5 не запущен. Ожидание переключения в SIM или запуска терминала...
2026-01-10 02:49:36,091 - SYS_MAIN - WARNING - MT5 не запущен. Ожидание переключения в SIM или запуска терминала...
2026-01-10 02:49:37,102 - SYS_MAIN - WARNING - MT5 не запущен. Ожидание переключения в SIM или запуска терминала...
2026-01-10 02:49:38,116 - SYS_MAIN - WARNING - MT5 не запущен. Ожидание переключения в SIM или запуска терминала...
2026-01-10 02:49:39,129 - SYS_MAIN - WARNING - MT5 не запущен. Ожидание переключения в SIM или запуска терминала...
2026-01-10 02:49:40,139 - SYS_MAIN - WARNING - MT5 не запущен. Ожидание переключения в SIM или запуска терминала...
2026-01-10 02:49:41,152 - SYS_MAIN - WARNING - MT5 не запущен. Ожидание переключения в SIM или запуска терминала...
2026-01-10 02:49:42,164 - SYS_MAIN - WARNING - MT5 не запущен. Ожидание переключения в SIM или запуска терминала...
2026-01-10 02:49:43,174 - SYS_MAIN - WARNING - MT5 не запущен. Ожидание переключения в SIM или запуска терминала...
2026-01-10 02:49:44,181 - SYS_MAIN - WARNING - MT5 не запущен. Ожидание переключения в SIM или запуска терминала...
2026-01-10 02:49:45,191 - SYS_MAIN - WARNING - MT5 не запущен. Ожидание переключения в SIM или запуска терминала...
2026-01-10 02:49:46,202 - SYS_MAIN - WARNING - MT5 не запущен. Ожидание переключения в SIM или запуска терминала...
2026-01-10 02:49:47,211 - SYS_MAIN - WARNING - MT5 не запущен. Ожидание переключения в SIM или запуска терминала...
2026-01-10 02:49:48,222 - SYS_MAIN - WARNING - MT5 не запущен. Ожидание переключения в SIM или запуска терминала...
2026-01-10 02:49:49,233 - SYS_MAIN - WARNING - MT5 не запущен. Ожидание переключения в SIM или запуска терминала...
2026-01-10 02:49:50,242 - SYS_MAIN - WARNING - MT5 не запущен. Ожидание переключения в SIM или запуска терминала...
2026-01-10 02:49:51,253 - SYS_MAIN - WARNING - MT5 не запущен. Ожидание переключения в SIM или запуска терминала...
2026-01-10 02:49:52,261 - SYS_MAIN - WARNING - MT5 не запущен. Ожидание переключения в SIM или запуска терминала...
2026-01-10 02:49:53,273 - SYS_MAIN - WARNING - MT5 не запущен. Ожидание переключения в SIM или запуска терминала...
2026-01-10 02:49:54,284 - SYS_MAIN - WARNING - MT5 не запущен. Ожидание переключения в SIM или запуска терминала...
2026-01-10 02:49:55,297 - SYS_MAIN - WARNING - MT5 не запущен. Ожидание переключения в SIM или запуска терминала...
2026-01-10 02:49:56,312 - SYS_MAIN - WARNING - MT5 не запущен. Ожидание переключения в SIM или запуска терминала...
2026-01-10 02:49:57,324 - SYS_MAIN - WARNING - MT5 не запущен. Ожидание переключения в SIM или запуска терминала...
2026-01-10 02:49:58,338 - SYS_MAIN - WARNING - MT5 не запущен. Ожидание переключения в SIM или запуска терминала...
2026-01-10 02:49:59,351 - SYS_MAIN - WARNING - MT5 не запущен. Ожидание переключения в SIM или запуска терминала...
2026-01-10 02:50:00,363 - SYS_MAIN - WARNING - MT5 не запущен. Ожидание переключения в SIM или запуска терминала...
2026-01-10 02:50:01,376 - SYS_MAIN - WARNING - MT5 не запущен. Ожидание переключения в SIM или запуска терминала...
2026-01-10 02:50:02,390 - SYS_MAIN - WARNING - MT5 не запущен. Ожидание переключения в SIM или запуска терминала...
2026-01-10 02:50:03,403 - SYS_MAIN - WARNING - MT5 не запущен. Ожидание переключения в SIM или запуска терминала...
2026-01-10 02:50:04,414 - SYS_MAIN - WARNING - MT5 не запущен. Ожидание переключения в SIM или запуска терминала...
2026-01-10 02:50:05,421 - SYS_MAIN - WARNING - MT5 не запущен. Ожидание переключения в SIM или запуска терминала...
2026-01-10 02:50:06,430 - SYS_MAIN - WARNING - MT5 не запущен. Ожидание переключения в SIM или запуска терминала...
2026-01-10 02:50:07,445 - SYS_MAIN - WARNING - MT5 не запущен. Ожидание переключения в SIM или запуска терминала...
2026-01-10 02:50:08,458 - SYS_MAIN - WARNING - MT5 не запущен. Ожидание переключения в SIM или запуска терминала...
2026-01-10 02:50:09,469 - SYS_MAIN - WARNING - MT5 не запущен. Ожидание переключения в SIM или запуска терминала...
2026-01-10 02:50:10,482 - SYS_MAIN - WARNING - MT5 не запущен. Ожидание переключения в SIM или запуска терминала...
2026-01-10 02:50:11,495 - SYS_MAIN - WARNING - MT5 не запущен. Ожидание переключения в SIM или запуска терминала...
2026-01-10 02:50:12,508 - SYS_MAIN - WARNING - MT5 не запущен. Ожидание переключения в SIM или запуска терминала...
2026-01-10 02:50:13,518 - SYS_MAIN - WARNING - MT5 не запущен. Ожидание переключения в SIM или запуска терминала...
2026-01-10 02:50:14,530 - SYS_MAIN - WARNING - MT5 не запущен. Ожидание переключения в SIM или запуска терминала...
2026-01-10 02:50:15,546 - SYS_MAIN - WARNING - MT5 не запущен. Ожидание переключения в SIM или запуска терминала...
2026-01-10 02:50:16,560 - SYS_MAIN - WARNING - MT5 не запущен. Ожидание переключения в SIM или запуска терминала...
2026-01-10 02:50:17,572 - SYS_MAIN - WARNING - MT5 не запущен. Ожидание переключения в SIM или запуска терминала...
2026-01-10 02:50:18,585 - SYS_MAIN - WARNING - MT5 не запущен. Ожидание переключения в SIM или запуска терминала...
2026-01-10 02:50:19,594 - SYS_MAIN - WARNING - MT5 не запущен. Ожидание переключения в SIM или запуска терминала...
2026-01-10 02:50:20,602 - SYS_MAIN - WARNING - MT5 не запущен. Ожидание переключения в SIM или запуска терминала...
2026-01-10 02:50:21,611 - SYS_MAIN - WARNING - MT5 не запущен. Ожидание переключения в SIM или запуска терминала...
2026-01-10 02:50:22,621 - SYS_MAIN - WARNING - MT5 не запущен. Ожидание переключения в SIM или запуска терминала...
2026-01-10 02:50:23,635 - SYS_MAIN - WARNING - MT5 не запущен. Ожидание переключения в SIM или запуска терминала...
2026-01-10 02:50:24,641 - SYS_MAIN - WARNING - MT5 не запущен. Ожидание переключения в SIM или запуска терминала...
2026-01-10 02:50:25,654 - SYS_MAIN - WARNING - MT5 не запущен. Ожидание переключения в SIM или запуска терминала...
2026-01-10 02:50:26,665 - SYS_MAIN - WARNING - MT5 не запущен. Ожидание переключения в SIM или запуска терминала...
2026-01-10 02:50:27,676 - SYS_MAIN - WARNING - MT5 не запущен. Ожидание переключения в SIM или запуска терминала...
2026-01-10 02:50:28,686 - SYS_MAIN - WARNING - MT5 не запущен. Ожидание переключения в SIM или запуска терминала...
2026-01-10 02:50:29,699 - SYS_MAIN - WARNING - MT5 не запущен. Ожидание переключения в SIM или запуска терминала...
2026-01-10 02:50:30,710 - SYS_MAIN - WARNING - MT5 не запущен. Ожидание переключения в SIM или запуска терминала...
2026-01-10 02:50:31,719 - SYS_MAIN - WARNING - MT5 не запущен. Ожидание переключения в SIM или запуска терминала...
2026-01-10 02:51:02,113 - SYS_MAIN - INFO - --- ЗАПУСК СИСТЕМЫ 2026 ---
2026-01-10 02:51:02,118 - SYS_MAIN - INFO - Запуск HMI Streamlit...
2026-01-10 02:51:02,125 - SYS_MAIN - INFO - Инициализация торговых агентов в режиме SIM...
2026-01-10 02:51:02,235 - MT5Provider - WARNING - [EURUSD] Попытка 1/3 не удалась. Ожидание...
2026-01-10 02:51:02,441 - MT5Provider - WARNING - [EURUSD] Попытка 2/3 не удалась. Ожидание...
2026-01-10 02:51:02,847 - MT5Provider - WARNING - [EURUSD] Попытка 3/3 не удалась. Ожидание...
2026-01-10 02:51:03,454 - MT5Provider - ERROR - [EURUSD] Не удалось получить 2000 баров после всех попыток.
2026-01-10 02:51:03,459 - SYS_MAIN - ERROR - Ошибка инициализации бота EURUSD_H1: 'Trader' object has no attribute 'close_all_for_symbol'
2026-01-10 02:51:03,504 - MT5Provider - WARNING - [EURUSD] Попытка 1/3 не удалась. Ожидание...
2026-01-10 02:51:03,708 - MT5Provider - WARNING - [EURUSD] Попытка 2/3 не удалась. Ожидание...
2026-01-10 02:51:04,115 - MT5Provider - WARNING - [EURUSD] Попытка 3/3 не удалась. Ожидание...
2026-01-10 02:51:04,724 - MT5Provider - ERROR - [EURUSD] Не удалось получить 2000 баров после всех попыток.
2026-01-10 02:51:04,732 - SYS_MAIN - ERROR - Ошибка инициализации бота EURUSD_D1: 'Trader' object has no attribute 'close_all_for_symbol'
2026-01-10 02:51:05,052 - MT5Provider - WARNING - [GBPUSD] Попытка 1/3 не удалась. Ожидание...
2026-01-10 02:51:05,264 - MT5Provider - WARNING - [GBPUSD] Попытка 2/3 не удалась. Ожидание...
2026-01-10 02:51:05,675 - MT5Provider - WARNING - [GBPUSD] Попытка 3/3 не удалась. Ожидание...
2026-01-10 02:51:06,283 - MT5Provider - ERROR - [GBPUSD] Не удалось получить 2000 баров после всех попыток.
2026-01-10 02:51:06,292 - SYS_MAIN - ERROR - Ошибка инициализации бота GBPUSD_H1: 'Trader' object has no attribute 'close_all_for_symbol'
2026-01-10 02:51:06,395 - MT5Provider - WARNING - [GBPUSD] Попытка 1/3 не удалась. Ожидание...
2026-01-10 02:51:06,604 - MT5Provider - WARNING - [GBPUSD] Попытка 2/3 не удалась. Ожидание...
2026-01-10 02:51:07,012 - MT5Provider - WARNING - [GBPUSD] Попытка 3/3 не удалась. Ожидание...
2026-01-10 02:51:07,621 - MT5Provider - ERROR - [GBPUSD] Не удалось получить 2000 баров после всех попыток.
2026-01-10 02:51:07,630 - SYS_MAIN - ERROR - Ошибка инициализации бота GBPUSD_D1: 'Trader' object has no attribute 'close_all_for_symbol'
2026-01-10 02:51:07,721 - MT5Provider - WARNING - [USDJPY] Попытка 1/3 не удалась. Ожидание...
2026-01-10 02:51:07,928 - MT5Provider - WARNING - [USDJPY] Попытка 2/3 не удалась. Ожидание...
2026-01-10 02:51:08,336 - MT5Provider - WARNING - [USDJPY] Попытка 3/3 не удалась. Ожидание...
2026-01-10 02:51:08,945 - MT5Provider - ERROR - [USDJPY] Не удалось получить 2000 баров после всех попыток.
2026-01-10 02:51:08,954 - SYS_MAIN - ERROR - Ошибка инициализации бота USDJPY_H1: 'Trader' object has no attribute 'close_all_for_symbol'
2026-01-10 02:51:09,037 - MT5Provider - WARNING - [USDJPY] Попытка 1/3 не удалась. Ожидание...
2026-01-10 02:51:09,249 - MT5Provider - WARNING - [USDJPY] Попытка 2/3 не удалась. Ожидание...
2026-01-10 02:51:09,659 - MT5Provider - WARNING - [USDJPY] Попытка 3/3 не удалась. Ожидание...
2026-01-10 02:51:10,267 - MT5Provider - ERROR - [USDJPY] Не удалось получить 2000 баров после всех попыток.
2026-01-10 02:51:10,274 - SYS_MAIN - ERROR - Ошибка инициализации бота USDJPY_D1: 'Trader' object has no attribute 'close_all_for_symbol'
2026-01-10 02:51:10,361 - MT5Provider - WARNING - [AUDUSD] Попытка 1/3 не удалась. Ожидание...
2026-01-10 02:51:10,571 - MT5Provider - WARNING - [AUDUSD] Попытка 2/3 не удалась. Ожидание...
2026-01-10 02:51:10,984 - MT5Provider - WARNING - [AUDUSD] Попытка 3/3 не удалась. Ожидание...
2026-01-10 02:51:11,596 - MT5Provider - ERROR - [AUDUSD] Не удалось получить 2000 баров после всех попыток.
2026-01-10 02:51:11,609 - SYS_MAIN - ERROR - Ошибка инициализации бота AUDUSD_H1: 'Trader' object has no attribute 'close_all_for_symbol'
2026-01-10 02:51:11,651 - MT5Provider - WARNING - [AUDUSD] Попытка 1/3 не удалась. Ожидание...
2026-01-10 02:51:11,857 - MT5Provider - WARNING - [AUDUSD] Попытка 2/3 не удалась. Ожидание...
2026-01-10 02:51:12,270 - MT5Provider - WARNING - [AUDUSD] Попытка 3/3 не удалась. Ожидание...
2026-01-10 02:51:12,883 - MT5Provider - ERROR - [AUDUSD] Не удалось получить 2000 баров после всех попыток.
2026-01-10 02:51:12,895 - SYS_MAIN - ERROR - Ошибка инициализации бота AUDUSD_D1: 'Trader' object has no attribute 'close_all_for_symbol'
2026-01-10 02:51:12,937 - MT5Provider - WARNING - [USDCAD] Попытка 1/3 не удалась. Ожидание...
2026-01-10 02:51:13,144 - MT5Provider - WARNING - [USDCAD] Попытка 2/3 не удалась. Ожидание...
2026-01-10 02:51:13,557 - MT5Provider - WARNING - [USDCAD] Попытка 3/3 не удалась. Ожидание...
2026-01-10 02:51:14,166 - MT5Provider - ERROR - [USDCAD] Не удалось получить 2000 баров после всех попыток.
2026-01-10 02:51:14,179 - SYS_MAIN - ERROR - Ошибка инициализации бота USDCAD_H1: 'Trader' object has no attribute 'close_all_for_symbol'
2026-01-10 02:51:14,220 - MT5Provider - WARNING - [USDCAD] Попытка 1/3 не удалась. Ожидание...
2026-01-10 02:51:14,427 - MT5Provider - WARNING - [USDCAD] Попытка 2/3 не удалась. Ожидание...
2026-01-10 02:51:14,840 - MT5Provider - WARNING - [USDCAD] Попытка 3/3 не удалась. Ожидание...
2026-01-10 02:51:15,452 - MT5Provider - ERROR - [USDCAD] Не удалось получить 2000 баров после всех попыток.
2026-01-10 02:51:15,464 - SYS_MAIN - ERROR - Ошибка инициализации бота USDCAD_D1: 'Trader' object has no attribute 'close_all_for_symbol'
2026-01-10 02:51:15,506 - MT5Provider - WARNING - [USDCHF] Попытка 1/3 не удалась. Ожидание...
2026-01-10 02:51:15,713 - MT5Provider - WARNING - [USDCHF] Попытка 2/3 не удалась. Ожидание...
2026-01-10 02:51:16,125 - MT5Provider - WARNING - [USDCHF] Попытка 3/3 не удалась. Ожидание...
2026-01-10 02:51:16,737 - MT5Provider - ERROR - [USDCHF] Не удалось получить 2000 баров после всех попыток.
2026-01-10 02:51:16,748 - SYS_MAIN - ERROR - Ошибка инициализации бота USDCHF_H1: 'Trader' object has no attribute 'close_all_for_symbol'
2026-01-10 02:51:16,795 - MT5Provider - WARNING - [USDCHF] Попытка 1/3 не удалась. Ожидание...
2026-01-10 02:51:17,001 - MT5Provider - WARNING - [USDCHF] Попытка 2/3 не удалась. Ожидание...
2026-01-10 02:51:17,412 - MT5Provider - WARNING - [USDCHF] Попытка 3/3 не удалась. Ожидание...
2026-01-10 02:51:18,025 - MT5Provider - ERROR - [USDCHF] Не удалось получить 2000 баров после всех попыток.
2026-01-10 02:51:18,036 - SYS_MAIN - ERROR - Ошибка инициализации бота USDCHF_D1: 'Trader' object has no attribute 'close_all_for_symbol'
2026-01-10 02:51:18,084 - MT5Provider - WARNING - [NZDUSD] Попытка 1/3 не удалась. Ожидание...
2026-01-10 02:51:18,289 - MT5Provider - WARNING - [NZDUSD] Попытка 2/3 не удалась. Ожидание...
2026-01-10 02:51:18,701 - MT5Provider - WARNING - [NZDUSD] Попытка 3/3 не удалась. Ожидание...
2026-01-10 02:51:19,313 - MT5Provider - ERROR - [NZDUSD] Не удалось получить 2000 баров после всех попыток.
2026-01-10 02:51:19,325 - SYS_MAIN - ERROR - Ошибка инициализации бота NZDUSD_H1: 'Trader' object has no attribute 'close_all_for_symbol'
2026-01-10 02:51:19,370 - MT5Provider - WARNING - [NZDUSD] Попытка 1/3 не удалась. Ожидание...
2026-01-10 02:51:19,576 - MT5Provider - WARNING - [NZDUSD] Попытка 2/3 не удалась. Ожидание...
2026-01-10 02:51:19,988 - MT5Provider - WARNING - [NZDUSD] Попытка 3/3 не удалась. Ожидание...
2026-01-10 02:51:20,599 - MT5Provider - ERROR - [NZDUSD] Не удалось получить 2000 баров после всех попыток.
2026-01-10 02:51:20,612 - SYS_MAIN - ERROR - Ошибка инициализации бота NZDUSD_D1: 'Trader' object has no attribute 'close_all_for_symbol'
2026-01-10 02:51:20,621 - PositionManager - ERROR - MT5 не инициализирован в PositionManager
2026-01-10 02:51:21,628 - PositionManager - ERROR - MT5 не инициализирован в PositionManager
2026-01-10 02:51:22,641 - PositionManager - ERROR - MT5 не инициализирован в PositionManager
2026-01-10 02:51:23,650 - PositionManager - ERROR - MT5 не инициализирован в PositionManager
2026-01-10 02:51:24,658 - PositionManager - ERROR - MT5 не инициализирован в PositionManager
2026-01-10 02:51:25,667 - PositionManager - ERROR - MT5 не инициализирован в PositionManager
2026-01-10 02:51:26,675 - PositionManager - ERROR - MT5 не инициализирован в PositionManager
2026-01-10 02:51:27,688 - PositionManager - ERROR - MT5 не инициализирован в PositionManager
2026-01-10 02:51:28,700 - PositionManager - ERROR - MT5 не инициализирован в PositionManager
2026-01-10 02:51:29,714 - PositionManager - ERROR - MT5 не инициализирован в PositionManager
2026-01-10 02:51:30,728 - PositionManager - ERROR - MT5 не инициализирован в PositionManager
2026-01-10 02:51:31,741 - PositionManager - ERROR - MT5 не инициализирован в PositionManager
2026-01-10 20:10:28,051 - SYS_MAIN - INFO - --- ЗАПУСК СИСТЕМЫ 2026 ---
2026-01-10 20:10:28,056 - SYS_MAIN - INFO - Запуск HMI Streamlit...
2026-01-10 20:10:28,062 - SYS_MAIN - ERROR - Ошибка старта HMI: [WinError 2] Не удается найти указанный файл
2026-01-10 20:10:28,068 - SYS_MAIN - INFO - Инициализация торговых агентов в режиме SIM...
2026-01-10 20:10:28,214 - MT5Provider - WARNING - [EURUSD] Попытка 1/3 не удалась. Ожидание...
2026-01-10 20:10:28,420 - MT5Provider - WARNING - [EURUSD] Попытка 2/3 не удалась. Ожидание...
2026-01-10 20:10:28,830 - MT5Provider - WARNING - [EURUSD] Попытка 3/3 не удалась. Ожидание...
2026-01-10 20:10:29,437 - MT5Provider - ERROR - [EURUSD] Не удалось получить 2000 баров после всех попыток.
2026-01-10 20:10:29,446 - SYS_MAIN - ERROR - Ошибка инициализации бота EURUSD_H1: 'Trader' object has no attribute 'close_all_for_symbol'
2026-01-10 20:10:29,489 - MT5Provider - WARNING - [EURUSD] Попытка 1/3 не удалась. Ожидание...
2026-01-10 20:10:29,695 - MT5Provider - WARNING - [EURUSD] Попытка 2/3 не удалась. Ожидание...
2026-01-10 20:10:30,102 - MT5Provider - WARNING - [EURUSD] Попытка 3/3 не удалась. Ожидание...
2026-01-10 20:10:30,709 - MT5Provider - ERROR - [EURUSD] Не удалось получить 2000 баров после всех попыток.
2026-01-10 20:10:30,719 - SYS_MAIN - ERROR - Ошибка инициализации бота EURUSD_D1: 'Trader' object has no attribute 'close_all_for_symbol'
2026-01-10 20:10:30,760 - MT5Provider - WARNING - [GBPUSD] Попытка 1/3 не удалась. Ожидание...
2026-01-10 20:10:30,965 - MT5Provider - WARNING - [GBPUSD] Попытка 2/3 не удалась. Ожидание...
2026-01-10 20:10:31,378 - MT5Provider - WARNING - [GBPUSD] Попытка 3/3 не удалась. Ожидание...
2026-01-10 20:10:31,986 - MT5Provider - ERROR - [GBPUSD] Не удалось получить 2000 баров после всех попыток.
2026-01-10 20:10:31,993 - SYS_MAIN - ERROR - Ошибка инициализации бота GBPUSD_H1: 'Trader' object has no attribute 'close_all_for_symbol'
2026-01-10 20:10:32,041 - MT5Provider - WARNING - [GBPUSD] Попытка 1/3 не удалась. Ожидание...
2026-01-10 20:10:32,248 - MT5Provider - WARNING - [GBPUSD] Попытка 2/3 не удалась. Ожидание...
2026-01-10 20:10:32,654 - MT5Provider - WARNING - [GBPUSD] Попытка 3/3 не удалась. Ожидание...
2026-01-10 20:10:33,263 - MT5Provider - ERROR - [GBPUSD] Не удалось получить 2000 баров после всех попыток.
2026-01-10 20:10:33,273 - SYS_MAIN - ERROR - Ошибка инициализации бота GBPUSD_D1: 'Trader' object has no attribute 'close_all_for_symbol'
2026-01-10 20:10:33,315 - MT5Provider - WARNING - [USDJPY] Попытка 1/3 не удалась. Ожидание...
2026-01-10 20:10:33,521 - MT5Provider - WARNING - [USDJPY] Попытка 2/3 не удалась. Ожидание...
2026-01-10 20:10:33,929 - MT5Provider - WARNING - [USDJPY] Попытка 3/3 не удалась. Ожидание...
2026-01-10 20:10:34,537 - MT5Provider - ERROR - [USDJPY] Не удалось получить 2000 баров после всех попыток.
2026-01-10 20:10:34,543 - SYS_MAIN - ERROR - Ошибка инициализации бота USDJPY_H1: 'Trader' object has no attribute 'close_all_for_symbol'
2026-01-10 20:10:34,592 - MT5Provider - WARNING - [USDJPY] Попытка 1/3 не удалась. Ожидание...
2026-01-10 20:10:34,798 - MT5Provider - WARNING - [USDJPY] Попытка 2/3 не удалась. Ожидание...
2026-01-10 20:10:35,205 - MT5Provider - WARNING - [USDJPY] Попытка 3/3 не удалась. Ожидание...
2026-01-10 20:12:50,683 - SYS_MAIN - INFO - --- ЗАПУСК СИСТЕМЫ 2026 ---
2026-01-10 20:12:50,687 - SYS_MAIN - INFO - Запуск HMI Streamlit...
2026-01-10 20:12:50,691 - SYS_MAIN - ERROR - Ошибка старта HMI: [WinError 2] Не удается найти указанный файл
2026-01-10 20:12:50,695 - SYS_MAIN - INFO - Инициализация торговых агентов в режиме SIM...
2026-01-10 20:12:50,777 - MT5Provider - WARNING - [EURUSD] Попытка 1/3 не удалась. Ожидание...
2026-01-10 20:12:50,983 - MT5Provider - WARNING - [EURUSD] Попытка 2/3 не удалась. Ожидание...
2026-01-10 20:12:51,395 - MT5Provider - WARNING - [EURUSD] Попытка 3/3 не удалась. Ожидание...
2026-01-10 20:12:52,004 - MT5Provider - ERROR - [EURUSD] Не удалось получить 2000 баров после всех попыток.
2026-01-10 20:12:52,016 - SYS_MAIN - ERROR - Ошибка инициализации бота EURUSD_H1: 'Trader' object has no attribute 'close_all_for_symbol'
2026-01-10 20:12:52,060 - MT5Provider - WARNING - [EURUSD] Попытка 1/3 не удалась. Ожидание...
2026-01-10 20:12:52,266 - MT5Provider - WARNING - [EURUSD] Попытка 2/3 не удалась. Ожидание...
2026-01-10 20:12:52,679 - MT5Provider - WARNING - [EURUSD] Попытка 3/3 не удалась. Ожидание...
2026-01-10 20:31:12,338 - SYS_MAIN - INFO - --- ЗАПУСК ЯДРА AI_FOREX_2026 (ОЖИДАНИЕ ВЫБОРА В GUI) ---
2026-01-10 20:31:12,343 - SYS_MAIN - INFO - Запуск HMI Streamlit...
2026-01-10 20:31:12,348 - SYS_MAIN - ERROR - Ошибка старта HMI: [WinError 2] Не удается найти указанный файл
2026-01-10 20:36:57,085 - SYS_MAIN - INFO - --- ЗАПУСК ЯДРА AI_FOREX_2026 (ОЖИДАНИЕ ВЫБОРА В GUI) ---
2026-01-10 20:36:57,088 - SYS_MAIN - INFO - Запуск HMI Streamlit...
2026-01-10 20:41:13,180 - SYS_MAIN - INFO - --- ЗАПУСК ЯДРА AI_FOREX_2026 (ОЖИДАНИЕ ВЫБОРА В GUI) ---
2026-01-10 20:41:13,184 - SYS_MAIN - INFO - Запуск HMI Streamlit...
2026-01-10 20:42:00,455 - StatManager - INFO - Нет сделок за последние 30 дней.
2026-01-10 20:42:00,461 - StatManager - INFO - Нет сделок за последние 30 дней.
2026-01-10 20:42:00,468 - StatManager - INFO - Нет сделок за последние 30 дней.
2026-01-10 20:42:00,473 - StatManager - INFO - Нет сделок за последние 30 дней.
2026-01-10 20:42:00,478 - StatManager - INFO - Нет сделок за последние 30 дней.
2026-01-10 20:42:00,484 - StatManager - INFO - Нет сделок за последние 30 дней.
2026-01-10 20:42:00,489 - StatManager - INFO - Нет сделок за последние 30 дней.
2026-01-10 20:42:00,498 - StatManager - INFO - Нет сделок за последние 30 дней.
2026-01-10 20:42:00,504 - StatManager - INFO - Нет сделок за последние 30 дней.
2026-01-10 20:42:00,510 - StatManager - INFO - Нет сделок за последние 30 дней.
2026-01-10 20:42:00,516 - StatManager - INFO - Нет сделок за последние 30 дней.
2026-01-10 20:42:00,523 - StatManager - INFO - Нет сделок за последние 30 дней.
2026-01-10 20:42:00,529 - StatManager - INFO - Нет сделок за последние 30 дней.
2026-01-10 20:42:00,535 - StatManager - INFO - Нет сделок за последние 30 дней.
2026-01-10 20:46:19,756 - SYS_MAIN - INFO - --- ЗАПУСК ЯДРА AI_FOREX_2026 (ОЖИДАНИЕ ВЫБОРА В GUI) ---
2026-01-10 20:46:19,760 - SYS_MAIN - INFO - Запуск HMI Streamlit...
2026-01-10 20:57:51,037 - StatManager - INFO - Нет сделок за последние 30 дней.
2026-01-10 20:57:51,044 - StatManager - INFO - Нет сделок за последние 30 дней.
2026-01-10 20:57:51,051 - StatManager - INFO - Нет сделок за последние 30 дней.
2026-01-10 20:57:51,057 - StatManager - INFO - Нет сделок за последние 30 дней.
2026-01-10 20:57:51,062 - StatManager - INFO - Нет сделок за последние 30 дней.
2026-01-10 20:57:51,069 - StatManager - INFO - Нет сделок за последние 30 дней.
2026-01-10 20:57:51,074 - StatManager - INFO - Нет сделок за последние 30 дней.
2026-01-10 20:57:51,080 - StatManager - INFO - Нет сделок за последние 30 дней.
2026-01-10 20:57:51,086 - StatManager - INFO - Нет сделок за последние 30 дней.
2026-01-10 20:57:51,092 - StatManager - INFO - Нет сделок за последние 30 дней.
2026-01-10 20:57:51,098 - StatManager - INFO - Нет сделок за последние 30 дней.
2026-01-10 20:57:51,104 - StatManager - INFO - Нет сделок за последние 30 дней.
2026-01-10 20:57:51,109 - StatManager - INFO - Нет сделок за последние 30 дней.
2026-01-10 20:57:51,117 - StatManager - INFO - Нет сделок за последние 30 дней.
2026-01-10 20:57:59,359 - StatManager - INFO - Нет сделок за последние 30 дней.
2026-01-10 20:57:59,367 - StatManager - INFO - Нет сделок за последние 30 дней.
2026-01-10 20:57:59,372 - StatManager - INFO - Нет сделок за последние 30 дней.
2026-01-10 20:57:59,378 - StatManager - INFO - Нет сделок за последние 30 дней.
2026-01-10 20:57:59,384 - StatManager - INFO - Нет сделок за последние 30 дней.
2026-01-10 20:57:59,389 - StatManager - INFO - Нет сделок за последние 30 дней.
2026-01-10 20:57:59,395 - StatManager - INFO - Нет сделок за последние 30 дней.
2026-01-10 20:57:59,402 - StatManager - INFO - Нет сделок за последние 30 дней.
2026-01-10 20:57:59,407 - StatManager - INFO - Нет сделок за последние 30 дней.
2026-01-10 20:57:59,416 - StatManager - INFO - Нет сделок за последние 30 дней.
2026-01-10 20:57:59,421 - StatManager - INFO - Нет сделок за последние 30 дней.
2026-01-10 20:57:59,426 - StatManager - INFO - Нет сделок за последние 30 дней.
2026-01-10 20:57:59,432 - StatManager - INFO - Нет сделок за последние 30 дней.
2026-01-10 20:57:59,439 - StatManager - INFO - Нет сделок за последние 30 дней.
2026-01-10 21:00:56,671 - StatManager - INFO - Нет сделок за последние 30 дней.
2026-01-10 21:00:56,679 - StatManager - INFO - Нет сделок за последние 30 дней.
2026-01-10 21:00:56,685 - StatManager - INFO - Нет сделок за последние 30 дней.
2026-01-10 21:00:56,690 - StatManager - INFO - Нет сделок за последние 30 дней.
2026-01-10 21:00:56,696 - StatManager - INFO - Нет сделок за последние 30 дней.
2026-01-10 21:00:56,701 - StatManager - INFO - Нет сделок за последние 30 дней.
2026-01-10 21:00:56,706 - StatManager - INFO - Нет сделок за последние 30 дней.
2026-01-10 21:00:56,712 - StatManager - INFO - Нет сделок за последние 30 дней.
2026-01-10 21:00:56,718 - StatManager - INFO - Нет сделок за последние 30 дней.
2026-01-10 21:00:56,723 - StatManager - INFO - Нет сделок за последние 30 дней.
2026-01-10 21:00:56,729 - StatManager - INFO - Нет сделок за последние 30 дней.
2026-01-10 21:00:56,735 - StatManager - INFO - Нет сделок за последние 30 дней.
2026-01-10 21:00:56,741 - StatManager - INFO - Нет сделок за последние 30 дней.
2026-01-10 21:00:56,747 - StatManager - INFO - Нет сделок за последние 30 дней.
2026-01-10 21:01:01,701 - StatManager - INFO - Нет сделок за последние 30 дней.
2026-01-10 21:01:01,710 - StatManager - INFO - Нет сделок за последние 30 дней.
2026-01-10 21:01:01,717 - StatManager - INFO - Нет сделок за последние 30 дней.
2026-01-10 21:01:01,723 - StatManager - INFO - Нет сделок за последние 30 дней.
2026-01-10 21:01:01,728 - StatManager - INFO - Нет сделок за последние 30 дней.
2026-01-10 21:01:01,734 - StatManager - INFO - Нет сделок за последние 30 дней.
2026-01-10 21:01:01,741 - StatManager - INFO - Нет сделок за последние 30 дней.
2026-01-10 21:01:01,746 - StatManager - INFO - Нет сделок за последние 30 дней.
2026-01-10 21:01:01,751 - StatManager - INFO - Нет сделок за последние 30 дней.
2026-01-10 21:01:01,757 - StatManager - INFO - Нет сделок за последние 30 дней.
2026-01-10 21:01:01,763 - StatManager - INFO - Нет сделок за последние 30 дней.
2026-01-10 21:01:01,768 - StatManager - INFO - Нет сделок за последние 30 дней.
2026-01-10 21:01:01,773 - StatManager - INFO - Нет сделок за последние 30 дней.
2026-01-10 21:01:01,780 - StatManager - INFO - Нет сделок за последние 30 дней.
2026-01-10 21:03:28,346 - SYS_MAIN - INFO - --- ЗАПУСК ЯДРА AI_FOREX_2026 (ОЖИДАНИЕ ВЫБОРА В GUI) ---
2026-01-10 21:03:28,355 - SYS_MAIN - INFO - Запуск HMI Streamlit...
2026-01-10 21:03:48,564 - StatManager - INFO - Нет сделок за последние 30 дней.
2026-01-10 21:03:48,572 - StatManager - INFO - Нет сделок за последние 30 дней.
2026-01-10 21:03:48,578 - StatManager - INFO - Нет сделок за последние 30 дней.
2026-01-10 21:03:48,583 - StatManager - INFO - Нет сделок за последние 30 дней.
2026-01-10 21:03:48,589 - StatManager - INFO - Нет сделок за последние 30 дней.
2026-01-10 21:03:48,596 - StatManager - INFO - Нет сделок за последние 30 дней.
2026-01-10 21:03:48,601 - StatManager - INFO - Нет сделок за последние 30 дней.
2026-01-10 21:03:48,606 - StatManager - INFO - Нет сделок за последние 30 дней.
2026-01-10 21:03:48,612 - StatManager - INFO - Нет сделок за последние 30 дней.
2026-01-10 21:03:48,617 - StatManager - INFO - Нет сделок за последние 30 дней.
2026-01-10 21:03:48,625 - StatManager - INFO - Нет сделок за последние 30 дней.
2026-01-10 21:03:48,631 - StatManager - INFO - Нет сделок за последние 30 дней.
2026-01-10 21:03:48,637 - StatManager - INFO - Нет сделок за последние 30 дней.
2026-01-10 21:03:48,646 - StatManager - INFO - Нет сделок за последние 30 дней.
2026-01-10 21:04:08,739 - SYS_MAIN - INFO - --- ЗАПУСК ЯДРА AI_FOREX_2026 (ОЖИДАНИЕ ВЫБОРА В GUI) ---
2026-01-10 21:04:08,742 - SYS_MAIN - INFO - Запуск HMI Streamlit...
2026-01-10 21:26:12,621 - SYS_MAIN - INFO - --- ЗАПУСК ЯДРА AI_FOREX_2026 (ОЖИДАНИЕ ВЫБОРА В GUI) ---
2026-01-10 21:26:12,625 - SYS_MAIN - INFO - Запуск HMI Streamlit...
2026-01-10 21:27:47,565 - SYS_MAIN - INFO - --- ЗАПУСК ЯДРА AI_FOREX_2026 (ОЖИДАНИЕ ВЫБОРА В GUI) ---
2026-01-10 21:27:47,570 - SYS_MAIN - INFO - Запуск HMI Streamlit...
2026-01-10 21:28:15,149 - SYS_MAIN - INFO - --- ЗАПУСК ЯДРА AI_FOREX_2026 (ОЖИДАНИЕ ВЫБОРА В GUI) ---
2026-01-10 21:28:15,153 - SYS_MAIN - INFO - Запуск HMI Streamlit...
2026-01-10 21:28:42,386 - SettingsManager - INFO - Удален агент: BTC-USD_M15
2026-01-10 21:29:01,236 - SYS_MAIN - INFO - --- ЗАПУСК ЯДРА AI_FOREX_2026 (ОЖИДАНИЕ ВЫБОРА В GUI) ---
2026-01-10 21:29:01,240 - SYS_MAIN - INFO - Запуск HMI Streamlit...
2026-01-10 21:40:59,343 - SYS_MAIN - INFO - --- ЗАПУСК ЯДРА AI_FOREX_2026 (ОЖИДАНИЕ ВЫБОРА В GUI) ---
2026-01-10 21:40:59,348 - SYS_MAIN - INFO - Запуск HMI Streamlit...
2026-01-10 21:41:46,493 - SYS_MAIN - INFO - --- ЗАПУСК ЯДРА AI_FOREX_2026 (ОЖИДАНИЕ ВЫБОРА В GUI) ---
2026-01-10 21:41:46,497 - SYS_MAIN - INFO - Запуск HMI Streamlit...
2026-01-10 21:51:50,089 - SYS_MAIN - INFO - --- ЗАПУСК ЯДРА AI_FOREX_2026 (ОЖИДАНИЕ ВЫБОРА В GUI) ---
2026-01-10 21:51:50,094 - SYS_MAIN - INFO - Запуск HMI Streamlit...
2026-01-10 21:53:11,598 - SYS_MAIN - INFO - --- ЗАПУСК ЯДРА AI_FOREX_2026 (ОЖИДАНИЕ ВЫБОРА В GUI) ---
2026-01-10 21:53:11,602 - SYS_MAIN - INFO - Запуск HMI Streamlit...
2026-01-10 21:57:01,669 - SYS_MAIN - INFO - --- ЗАПУСК ЯДРА AI_FOREX_2026 (ОЖИДАНИЕ ВЫБОРА В GUI) ---
2026-01-10 21:57:01,673 - SYS_MAIN - INFO - Запуск HMI Streamlit...
2026-01-10 22:00:03,324 - SYS_MAIN - INFO - --- ЗАПУСК ЯДРА AI_FOREX_2026 (ОЖИДАНИЕ ВЫБОРА В GUI) ---
2026-01-10 22:00:03,328 - SYS_MAIN - INFO - Запуск HMI Streamlit...
2026-01-10 22:01:50,974 - SYS_MAIN - INFO - --- ЗАПУСК ЯДРА AI_FOREX_2026 (ОЖИДАНИЕ ВЫБОРА В GUI) ---
2026-01-10 22:01:50,979 - SYS_MAIN - INFO - Запуск HMI Streamlit...
2026-01-10 22:11:42,364 - SYS_MAIN - INFO - --- ЗАПУСК ЯДРА AI_FOREX_2026 (ОЖИДАНИЕ ВЫБОРА В GUI) ---
2026-01-10 22:11:42,374 - SYS_MAIN - INFO - Запуск HMI Streamlit...
2026-01-10 22:34:37,815 - SYS_MAIN - INFO - --- ЗАПУСК ЯДРА AI_FOREX_2026 (ОЖИДАНИЕ ВЫБОРА В GUI) ---
2026-01-10 22:34:37,820 - SYS_MAIN - INFO - Запуск HMI Streamlit...
2026-01-10 22:34:52,446 - StatManager - INFO - Нет сделок за последние 90 дней.
2026-01-10 22:34:52,455 - StatManager - INFO - Нет сделок за последние 90 дней.
2026-01-10 22:34:52,465 - StatManager - INFO - Нет сделок за последние 90 дней.
2026-01-10 22:35:07,220 - StatManager - INFO - Нет сделок за последние 90 дней.
2026-01-10 22:35:07,227 - StatManager - INFO - Нет сделок за последние 90 дней.
2026-01-10 22:35:07,236 - StatManager - INFO - Нет сделок за последние 90 дней.
2026-01-10 22:49:56,271 - SettingsManager - INFO - Удален агент: EURUSD_M15
2026-01-10 22:49:57,674 - SettingsManager - INFO - Удален агент: AUDUSD_M15
2026-01-10 22:55:43,070 - SettingsManager - INFO - Удален агент: BTC-USD_M15
2026-01-10 23:00:26,554 - SettingsManager - INFO - Удален агент: BTC-USD_M15
2026-01-10 23:14:53,245 - SettingsManager - INFO - Удален агент: BTC-USD_M15
2026-01-10 23:14:54,732 - SettingsManager - INFO - Удален агент: ETH-USD_M15
2026-01-10 23:18:06,190 - SettingsManager - INFO - Удален агент: BTC-USD_M15
2026-01-10 23:19:01,193 - SettingsManager - INFO - Удален агент: BTC-USD_M15
2026-01-10 23:19:13,107 - SettingsManager - INFO - Удален агент: EURUSD=X_M15
2026-01-10 23:23:07,077 - SettingsManager - INFO - Удален агент: BTC-USD_M15
2026-01-10 23:52:59,284 - StatManager - INFO - Нет сделок за последние 30 дней.
2026-01-10 23:52:59,286 - StatManager - INFO - Нет сделок за последние 30 дней.
2026-01-10 23:52:59,287 - StatManager - INFO - Нет сделок за последние 30 дней.
2026-01-10 23:52:59,288 - StatManager - INFO - Нет сделок за последние 30 дней.
2026-01-10 23:52:59,288 - StatManager - INFO - Нет сделок за последние 30 дней.
2026-01-10 23:52:59,289 - StatManager - INFO - Нет сделок за последние 30 дней.
2026-01-10 23:52:59,290 - StatManager - INFO - Нет сделок за последние 30 дней.
2026-01-10 23:52:59,291 - StatManager - INFO - Нет сделок за последние 30 дней.
2026-01-10 23:52:59,291 - StatManager - INFO - Нет сделок за последние 30 дней.
2026-01-10 23:52:59,292 - StatManager - INFO - Нет сделок за последние 30 дней.
2026-01-10 23:52:59,294 - StatManager - INFO - Нет сделок за последние 30 дней.
2026-01-10 23:52:59,295 - StatManager - INFO - Нет сделок за последние 30 дней.
2026-01-10 23:52:59,296 - StatManager - INFO - Нет сделок за последние 30 дней.
2026-01-10 23:52:59,297 - StatManager - INFO - Нет сделок за последние 30 дней.
2026-01-10 23:53:09,628 - StatManager - INFO - Нет сделок за последние 30 дней.
2026-01-10 23:53:09,630 - StatManager - INFO - Нет сделок за последние 30 дней.
2026-01-10 23:53:09,632 - StatManager - INFO - Нет сделок за последние 30 дней.
2026-01-10 23:53:09,634 - StatManager - INFO - Нет сделок за последние 30 дней.
2026-01-10 23:53:09,635 - StatManager - INFO - Нет сделок за последние 30 дней.
2026-01-10 23:53:09,636 - StatManager - INFO - Нет сделок за последние 30 дней.
2026-01-10 23:53:09,637 - StatManager - INFO - Нет сделок за последние 30 дней.
2026-01-10 23:53:09,639 - StatManager - INFO - Нет сделок за последние 30 дней.
2026-01-10 23:53:09,642 - StatManager - INFO - Нет сделок за последние 30 дней.
2026-01-10 23:53:09,643 - StatManager - INFO - Нет сделок за последние 30 дней.
2026-01-10 23:53:09,644 - StatManager - INFO - Нет сделок за последние 30 дней.
2026-01-10 23:53:09,645 - StatManager - INFO - Нет сделок за последние 30 дней.
2026-01-10 23:53:09,646 - StatManager - INFO - Нет сделок за последние 30 дней.
2026-01-10 23:53:09,647 - StatManager - INFO - Нет сделок за последние 30 дней.
2026-01-10 23:54:59,315 - SYS_MAIN - INFO - --- ЗАПУСК ЯДРА AI_FOREX_2026 (ОЖИДАНИЕ ВЫБОРА В GUI) ---
2026-01-10 23:54:59,320 - SYS_MAIN - INFO - Запуск HMI Streamlit...
2026-01-10 23:57:35,520 - SYS_MAIN - INFO - --- ЗАПУСК ЯДРА AI_FOREX_2026 (ОЖИДАНИЕ ВЫБОРА В GUI) ---
2026-01-10 23:57:35,524 - SYS_MAIN - INFO - Запуск HMI Streamlit...
2026-01-11 00:02:22,030 - StatManager - INFO - Нет сделок за последние 90 дней.
2026-01-11 00:02:22,038 - StatManager - INFO - Нет сделок за последние 90 дней.
2026-01-11 00:02:22,047 - StatManager - INFO - Нет сделок за последние 90 дней.
2026-01-11 00:02:49,944 - SYS_MAIN - INFO - --- ЗАПУСК ЯДРА AI_FOREX_2026 (ОЖИДАНИЕ ВЫБОРА В GUI) ---
2026-01-11 00:02:49,948 - SYS_MAIN - INFO - Запуск HMI Streamlit...
2026-01-11 00:03:27,250 - StatManager - INFO - Нет сделок за последние 30 дней.
2026-01-11 00:03:27,256 - StatManager - INFO - Нет сделок за последние 30 дней.
2026-01-11 00:03:27,264 - StatManager - INFO - Нет сделок за последние 30 дней.
2026-01-11 00:03:27,269 - StatManager - INFO - Нет сделок за последние 30 дней.
2026-01-11 00:03:27,275 - StatManager - INFO - Нет сделок за последние 30 дней.
2026-01-11 00:03:27,280 - StatManager - INFO - Нет сделок за последние 30 дней.
2026-01-11 00:03:27,285 - StatManager - INFO - Нет сделок за последние 30 дней.
2026-01-11 00:03:27,291 - StatManager - INFO - Нет сделок за последние 30 дней.
2026-01-11 00:03:27,296 - StatManager - INFO - Нет сделок за последние 30 дней.
2026-01-11 00:03:27,300 - StatManager - INFO - Нет сделок за последние 30 дней.
2026-01-11 00:03:27,307 - StatManager - INFO - Нет сделок за последние 30 дней.
2026-01-11 00:03:27,312 - StatManager - INFO - Нет сделок за последние 30 дней.
2026-01-11 00:03:27,317 - StatManager - INFO - Нет сделок за последние 30 дней.
2026-01-11 00:03:27,323 - StatManager - INFO - Нет сделок за последние 30 дней.
2026-01-11 00:03:28,215 - StatManager - INFO - Нет сделок за последние 90 дней.
2026-01-11 00:03:28,222 - StatManager - INFO - Нет сделок за последние 90 дней.
2026-01-11 00:03:28,230 - StatManager - INFO - Нет сделок за последние 90 дней.
2026-01-11 00:05:04,870 - SettingsManager - INFO - Запуск сохранения конфигурации по пути: C:\Users\admin\Documents\GoncharovKA\fxLSTM\system_base\app_config.json
2026-01-11 00:05:04,876 - SettingsManager - INFO - Текущий список пар в файле до обновления: 2 шт.
2026-01-11 00:05:04,886 - SettingsManager - INFO - Подготовка к записи обновленного списка: []
2026-01-11 00:05:04,892 - SettingsManager - INFO - Конфигурация успешно сохранена на диск.
2026-01-11 00:05:28,937 - SYS_MAIN - INFO - --- ЗАПУСК ЯДРА AI_FOREX_2026 (ОЖИДАНИЕ ВЫБОРА В GUI) ---
2026-01-11 00:05:28,948 - SYS_MAIN - INFO - Запуск HMI Streamlit...
2026-01-11 00:06:18,296 - SettingsManager - INFO - Запуск сохранения конфигурации по пути: C:\Users\admin\Documents\GoncharovKA\fxLSTM\system_base\app_config.json
2026-01-11 00:06:18,303 - SettingsManager - INFO - Текущий список пар в файле до обновления: 0 шт.
2026-01-11 00:06:18,309 - SettingsManager - INFO - Подготовка к записи обновленного списка: [{'pair': 'BTC-USD', 'tf': 'M30'}]
2026-01-11 00:06:18,317 - SettingsManager - INFO - Конфигурация успешно сохранена на диск.
2026-01-11 00:06:24,862 - StatManager - INFO - Нет сделок за последние 90 дней.
2026-01-11 00:06:24,873 - StatManager - INFO - Нет сделок за последние 90 дней.
2026-01-11 00:06:26,052 - StatManager - INFO - Нет сделок за последние 30 дней.
2026-01-11 00:06:26,060 - StatManager - INFO - Нет сделок за последние 30 дней.
2026-01-11 00:06:26,066 - StatManager - INFO - Нет сделок за последние 30 дней.
2026-01-11 00:06:26,072 - StatManager - INFO - Нет сделок за последние 30 дней.
2026-01-11 00:06:26,076 - StatManager - INFO - Нет сделок за последние 30 дней.
2026-01-11 00:06:26,081 - StatManager - INFO - Нет сделок за последние 30 дней.
2026-01-11 00:06:26,088 - StatManager - INFO - Нет сделок за последние 30 дней.
2026-01-11 00:06:26,093 - StatManager - INFO - Нет сделок за последние 30 дней.
2026-01-11 00:06:26,098 - StatManager - INFO - Нет сделок за последние 30 дней.
2026-01-11 00:06:26,105 - StatManager - INFO - Нет сделок за последние 30 дней.
2026-01-11 00:06:26,112 - StatManager - INFO - Нет сделок за последние 30 дней.
2026-01-11 00:06:26,119 - StatManager - INFO - Нет сделок за последние 30 дней.
2026-01-11 00:06:26,126 - StatManager - INFO - Нет сделок за последние 30 дней.
2026-01-11 00:06:26,131 - StatManager - INFO - Нет сделок за последние 30 дней.
2026-01-11 00:06:50,707 - SettingsManager - INFO - Запуск сохранения конфигурации по пути: C:\Users\admin\Documents\GoncharovKA\fxLSTM\system_base\app_config.json
2026-01-11 00:06:50,713 - SettingsManager - INFO - Текущий список пар в файле до обновления: 1 шт.
2026-01-11 00:06:50,719 - SettingsManager - INFO - Подготовка к записи обновленного списка: []
2026-01-11 00:06:50,724 - SettingsManager - INFO - Конфигурация успешно сохранена на диск.
2026-01-11 00:06:57,600 - SettingsManager - INFO - Запуск сохранения конфигурации по пути: C:\Users\admin\Documents\GoncharovKA\fxLSTM\system_base\app_config.json
2026-01-11 00:06:57,608 - SettingsManager - INFO - Текущий список пар в файле до обновления: 0 шт.
2026-01-11 00:06:57,614 - SettingsManager - INFO - Подготовка к записи обновленного списка: [{'pair': 'BTC-USD', 'tf': 'M30'}]
2026-01-11 00:06:57,621 - SettingsManager - INFO - Конфигурация успешно сохранена на диск.
2026-01-11 00:07:01,211 - SettingsManager - INFO - Запуск сохранения конфигурации по пути: C:\Users\admin\Documents\GoncharovKA\fxLSTM\system_base\app_config.json
2026-01-11 00:07:01,219 - SettingsManager - INFO - Текущий список пар в файле до обновления: 1 шт.
2026-01-11 00:07:01,224 - SettingsManager - INFO - Подготовка к записи обновленного списка: []
2026-01-11 00:07:01,231 - SettingsManager - INFO - Конфигурация успешно сохранена на диск.
2026-01-11 00:07:05,241 - SettingsManager - INFO - Запуск сохранения конфигурации по пути: C:\Users\admin\Documents\GoncharovKA\fxLSTM\system_base\app_config.json
2026-01-11 00:07:05,255 - SettingsManager - INFO - Текущий список пар в файле до обновления: 0 шт.
2026-01-11 00:07:05,261 - SettingsManager - INFO - Подготовка к записи обновленного списка: [{'pair': 'BTC-USD', 'tf': 'M30'}]
2026-01-11 00:07:05,268 - SettingsManager - INFO - Конфигурация успешно сохранена на диск.
2026-01-11 00:07:23,133 - StatManager - INFO - Нет сделок за последние 90 дней.
2026-01-11 00:07:23,141 - StatManager - INFO - Нет сделок за последние 90 дней.
2026-01-11 00:07:28,681 - StatManager - INFO - Нет сделок за последние 30 дней.
2026-01-11 00:07:28,689 - StatManager - INFO - Нет сделок за последние 30 дней.
2026-01-11 00:07:28,698 - StatManager - INFO - Нет сделок за последние 30 дней.
2026-01-11 00:07:28,706 - StatManager - INFO - Нет сделок за последние 30 дней.
2026-01-11 00:07:28,712 - StatManager - INFO - Нет сделок за последние 30 дней.
2026-01-11 00:07:28,718 - StatManager - INFO - Нет сделок за последние 30 дней.
2026-01-11 00:07:28,724 - StatManager - INFO - Нет сделок за последние 30 дней.
2026-01-11 00:07:28,729 - StatManager - INFO - Нет сделок за последние 30 дней.
2026-01-11 00:07:28,735 - StatManager - INFO - Нет сделок за последние 30 дней.
2026-01-11 00:07:28,740 - StatManager - INFO - Нет сделок за последние 30 дней.
2026-01-11 00:07:28,745 - StatManager - INFO - Нет сделок за последние 30 дней.
2026-01-11 00:07:28,752 - StatManager - INFO - Нет сделок за последние 30 дней.
2026-01-11 00:07:28,759 - StatManager - INFO - Нет сделок за последние 30 дней.
2026-01-11 00:07:28,764 - StatManager - INFO - Нет сделок за последние 30 дней.
2026-01-11 06:54:09,241 - SYS_MAIN - INFO - --- ЗАПУСК ЯДРА AI_FOREX_2026 (ОЖИДАНИЕ ВЫБОРА В GUI) ---
2026-01-11 06:54:09,501 - SYS_MAIN - INFO - Запуск HMI Streamlit...
2026-01-11 06:54:32,969 - StatManager - INFO - Нет сделок за последние 30 дней.
2026-01-11 06:54:33,305 - StatManager - INFO - Нет сделок за последние 30 дней.
2026-01-11 06:54:33,558 - StatManager - INFO - Нет сделок за последние 30 дней.
2026-01-11 06:54:33,833 - StatManager - INFO - Нет сделок за последние 30 дней.
2026-01-11 06:54:34,091 - StatManager - INFO - Нет сделок за последние 30 дней.
2026-01-11 06:54:34,342 - StatManager - INFO - Нет сделок за последние 30 дней.
2026-01-11 06:54:34,598 - StatManager - INFO - Нет сделок за последние 30 дней.
2026-01-11 06:54:35,395 - StatManager - INFO - Нет сделок за последние 90 дней.
2026-01-11 06:54:35,911 - StatManager - INFO - Нет сделок за последние 90 дней.
2026-01-11 07:06:15,820 - SYS_MAIN - INFO - --- ЗАПУСК ЯДРА AI_FOREX_2026 (ОЖИДАНИЕ ВЫБОРА В GUI) ---
2026-01-11 07:06:16,076 - SYS_MAIN - INFO - Запуск HMI Streamlit...
2026-01-11 23:40:36,770 - SYS_MAIN - INFO - --- ЗАПУСК ЯДРА AI_FOREX_2026 (ОЖИДАНИЕ ВЫБОРА В GUI) ---
2026-01-11 23:40:36,775 - SYS_MAIN - INFO - Запуск HMI Streamlit...
2026-01-11 23:41:59,166 - SettingsManager - INFO - Запуск сохранения конфигурации по пути: C:\Users\admin\Documents\GoncharovKA\fxLSTM\system_base\app_config.json
2026-01-11 23:41:59,174 - SettingsManager - INFO - Текущий список пар в файле до обновления: 1 шт.
2026-01-11 23:41:59,186 - SettingsManager - INFO - Подготовка к записи обновленного списка: []
2026-01-11 23:41:59,192 - SettingsManager - INFO - Конфигурация успешно сохранена на диск.
2026-01-11 23:42:15,601 - SettingsManager - INFO - Запуск сохранения конфигурации по пути: C:\Users\admin\Documents\GoncharovKA\fxLSTM\system_base\app_config.json
2026-01-11 23:42:15,608 - SettingsManager - INFO - Текущий список пар в файле до обновления: 0 шт.
2026-01-11 23:42:15,624 - SettingsManager - INFO - Подготовка к записи обновленного списка: []
2026-01-11 23:42:15,631 - SettingsManager - INFO - Конфигурация успешно сохранена на диск.
2026-01-11 23:42:43,116 - SYS_MAIN - INFO - --- ЗАПУСК ЯДРА AI_FOREX_2026 (ОЖИДАНИЕ ВЫБОРА В GUI) ---
2026-01-11 23:42:43,120 - SYS_MAIN - INFO - Запуск HMI Streamlit...
2026-01-11 23:43:01,345 - SettingsManager - INFO - Запуск сохранения конфигурации по пути: C:\Users\admin\Documents\GoncharovKA\fxLSTM\system_base\app_config.json
2026-01-11 23:43:01,352 - SettingsManager - INFO - Текущий список пар в файле до обновления: 0 шт.
2026-01-11 23:43:01,364 - SettingsManager - INFO - Подготовка к записи обновленного списка: []
2026-01-11 23:43:01,373 - SettingsManager - INFO - Конфигурация успешно сохранена на диск.
2026-01-11 23:55:43,801 - SYS_MAIN - INFO - --- ЗАПУСК ЯДРА AI_FOREX_2026 (ОЖИДАНИЕ ВЫБОРА В GUI) ---
2026-01-11 23:55:43,806 - SYS_MAIN - INFO - Запуск HMI Streamlit...
2026-01-11 23:55:54,429 - SettingsManager - INFO - Запуск сохранения конфигурации по пути: C:\Users\admin\Documents\GoncharovKA\fxLSTM\system_base\app_config.json
2026-01-11 23:55:54,436 - SettingsManager - INFO - Текущий список пар в файле до обновления: 0 шт.
2026-01-11 23:55:54,443 - SettingsManager - INFO - Подготовка к записи обновленного списка: []
2026-01-11 23:55:54,449 - SettingsManager - INFO - Конфигурация успешно сохранена на диск.
2026-01-11 23:56:23,048 - SYS_MAIN - INFO - --- ЗАПУСК ЯДРА AI_FOREX_2026 (ОЖИДАНИЕ ВЫБОРА В GUI) ---
2026-01-11 23:56:23,053 - SYS_MAIN - INFO - Запуск HMI Streamlit...
2026-01-12 00:40:43,682 - SYS_MAIN - INFO - --- ЗАПУСК ЯДРА AI_FOREX_2026 (ОЖИДАНИЕ ВЫБОРА В GUI) ---
2026-01-12 00:40:43,687 - SYS_MAIN - INFO - Запуск HMI Streamlit...
2026-01-12 00:41:24,196 - SYS_MAIN - INFO - --- ЗАПУСК ЯДРА AI_FOREX_2026 (ОЖИДАНИЕ ВЫБОРА В GUI) ---
2026-01-12 00:41:24,201 - SYS_MAIN - INFO - Запуск HMI Streamlit...
2026-01-12 00:51:42,077 - SYS_MAIN - INFO - --- ЗАПУСК ЯДРА AI_FOREX_2026 (ОЖИДАНИЕ ВЫБОРА В GUI) ---
2026-01-12 00:51:42,082 - SYS_MAIN - INFO - Запуск HMI Streamlit...
2026-01-12 00:55:26,154 - SYS_MAIN - INFO - --- ЗАПУСК ЯДРА AI_FOREX_2026 (ОЖИДАНИЕ ВЫБОРА В GUI) ---
2026-01-12 00:55:26,158 - SYS_MAIN - INFO - Запуск HMI Streamlit...
2026-01-12 01:06:47,946 - SYS_MAIN - INFO - --- ЗАПУСК ЯДРА AI_FOREX_2026 (ОЖИДАНИЕ ВЫБОРА В GUI) ---
2026-01-12 01:06:47,951 - SYS_MAIN - INFO - Запуск HMI Streamlit...
2026-01-12 01:07:26,394 - SettingsManager - INFO - Запуск сохранения конфигурации по пути: C:\Users\admin\Documents\GoncharovKA\fxLSTM\system_base\app_config.json
2026-01-12 01:07:26,402 - SettingsManager - INFO - Текущий список пар в файле до обновления: 0 шт.
2026-01-12 01:07:26,410 - SettingsManager - INFO - Подготовка к записи обновленного списка: [{'pair': 'GC=F', 'tf': 'D1'}]
2026-01-12 01:07:26,417 - SettingsManager - INFO - Конфигурация успешно сохранена на диск.
2026-01-12 01:07:51,642 - SettingsManager - INFO - Запуск сохранения конфигурации по пути: C:\Users\admin\Documents\GoncharovKA\fxLSTM\system_base\app_config.json
2026-01-12 01:07:51,650 - SettingsManager - INFO - Текущий список пар в файле до обновления: 1 шт.
2026-01-12 01:07:51,656 - SettingsManager - INFO - Подготовка к записи обновленного списка: [{'pair': 'GC=F', 'tf': 'D1'}, {'pair': 'EURUSD=X', 'tf': 'H1'}]
2026-01-12 01:07:51,662 - SettingsManager - INFO - Конфигурация успешно сохранена на диск.
2026-01-12 01:12:23,611 - SYS_MAIN - INFO - --- ЗАПУСК ЯДРА AI_FOREX_2026 (ОЖИДАНИЕ ВЫБОРА В GUI) ---
2026-01-12 01:12:23,616 - SYS_MAIN - INFO - Запуск HMI Streamlit...
2026-01-12 01:20:09,761 - SYS_MAIN - INFO - --- ЗАПУСК ЯДРА AI_FOREX_2026 (ОЖИДАНИЕ ВЫБОРА В GUI) ---
2026-01-12 01:20:09,765 - SYS_MAIN - INFO - Запуск HMI Streamlit...
2026-01-12 01:22:25,018 - SYS_MAIN - INFO - --- ЗАПУСК ЯДРА AI_FOREX_2026 (ОЖИДАНИЕ ВЫБОРА В GUI) ---
2026-01-12 01:22:25,023 - SYS_MAIN - INFO - Запуск HMI Streamlit...
2026-01-12 01:30:08,661 - SYS_MAIN - INFO - --- ЗАПУСК ЯДРА AI_FOREX_2026 (ОЖИДАНИЕ ВЫБОРА В GUI) ---
2026-01-12 01:30:08,665 - SYS_MAIN - INFO - Запуск HMI Streamlit...
2026-01-12 01:36:05,750 - SYS_MAIN - INFO - --- ЗАПУСК ЯДРА AI_FOREX_2026 (ОЖИДАНИЕ ВЫБОРА В GUI) ---
2026-01-12 01:36:05,753 - SYS_MAIN - INFO - Запуск HMI Streamlit...
2026-01-12 01:49:31,469 - SYS_MAIN - INFO - --- ЗАПУСК ЯДРА AI_FOREX_2026 (ОЖИДАНИЕ ВЫБОРА В GUI) ---
2026-01-12 01:49:31,473 - SYS_MAIN - INFO - Запуск HMI Streamlit...
2026-01-12 01:57:15,092 - SYS_MAIN - INFO - --- ЗАПУСК ЯДРА AI_FOREX_2026 (ОЖИДАНИЕ ВЫБОРА В GUI) ---
2026-01-12 01:57:15,096 - SYS_MAIN - INFO - Запуск HMI Streamlit...
2026-01-12 02:00:49,856 - SYS_MAIN - INFO - --- ЗАПУСК ЯДРА AI_FOREX_2026 (ОЖИДАНИЕ ВЫБОРА В GUI) ---
2026-01-12 02:00:49,861 - SYS_MAIN - INFO - Запуск HMI Streamlit...
2026-01-12 02:17:04,909 - SYS_MAIN - INFO - --- ЗАПУСК ЯДРА AI_FOREX_2026 (ОЖИДАНИЕ ВЫБОРА В GUI) ---
2026-01-12 02:17:04,913 - SYS_MAIN - INFO - Запуск HMI Streamlit...
2026-01-12 02:21:27,491 - SYS_MAIN - INFO - --- ЗАПУСК ЯДРА AI_FOREX_2026 (ОЖИДАНИЕ ВЫБОРА В GUI) ---
2026-01-12 02:21:27,495 - SYS_MAIN - INFO - Запуск HMI Streamlit...
2026-01-12 02:28:23,595 - SYS_MAIN - INFO - --- ЗАПУСК ЯДРА AI_FOREX_2026 (ОЖИДАНИЕ ВЫБОРА В GUI) ---
2026-01-12 02:28:23,599 - SYS_MAIN - INFO - Запуск HMI Streamlit...
2026-01-12 02:29:26,283 - SYS_MAIN - INFO - --- ЗАПУСК ЯДРА AI_FOREX_2026 (ОЖИДАНИЕ ВЫБОРА В GUI) ---
2026-01-12 02:29:26,288 - SYS_MAIN - INFO - Запуск HMI Streamlit...
2026-01-12 02:37:57,111 - SYS_MAIN - INFO - --- ЗАПУСК ЯДРА AI_FOREX_2026 (ОЖИДАНИЕ ВЫБОРА В GUI) ---
2026-01-12 02:37:57,116 - SYS_MAIN - INFO - Запуск HMI Streamlit...
2026-01-12 03:40:52,054 - SYS_MAIN - INFO - --- ЗАПУСК ЯДРА AI_FOREX_2026 (ОЖИДАНИЕ ВЫБОРА В GUI) ---
2026-01-12 03:40:52,058 - SYS_MAIN - INFO - Запуск HMI Streamlit...
2026-01-12 03:42:38,405 - SYS_MAIN - INFO - --- ЗАПУСК ЯДРА AI_FOREX_2026 (ОЖИДАНИЕ ВЫБОРА В GUI) ---
2026-01-12 03:42:38,410 - SYS_MAIN - INFO - Запуск HMI Streamlit...
2026-01-12 03:44:33,805 - SYS_MAIN - INFO - --- ЗАПУСК ЯДРА AI_FOREX_2026 (ОЖИДАНИЕ ВЫБОРА В GUI) ---
2026-01-12 03:44:33,810 - SYS_MAIN - INFO - Запуск HMI Streamlit...
2026-01-12 03:44:58,549 - SaveBots - INFO - Saved 1 bots to disk.
2026-01-12 03:45:01,379 - SaveBots - INFO - Saved 0 bots to disk.
2026-01-12 03:45:20,186 - SaveBots - INFO - Saved 1 bots to disk.
2026-01-12 03:54:17,996 - SYS_MAIN - INFO - --- ЗАПУСК ЯДРА AI_FOREX_2026 (ОЖИДАНИЕ ВЫБОРА В GUI) ---
2026-01-12 03:54:18,000 - SYS_MAIN - INFO - Запуск HMI Streamlit...
2026-01-12 03:54:47,560 - SaveBots - INFO - Saved 2 bots to disk.
2026-01-12 03:58:40,203 - SYS_MAIN - INFO - --- ЗАПУСК ЯДРА AI_FOREX_2026 (ОЖИДАНИЕ ВЫБОРА В GUI) ---
2026-01-12 03:58:40,207 - SYS_MAIN - INFO - Запуск HMI Streamlit...
2026-01-12 03:59:02,919 - SaveBots - INFO - Saved 3 bots to disk.
2026-01-12 03:59:12,604 - SaveBots - INFO - Saved 4 bots to disk.
2026-01-12 03:59:14,676 - SaveBots - INFO - Saved 3 bots to disk.
2026-01-12 03:59:15,630 - SaveBots - INFO - Saved 2 bots to disk.
2026-01-12 03:59:16,435 - SaveBots - INFO - Saved 1 bots to disk.
2026-01-12 03:59:17,254 - SaveBots - INFO - Saved 0 bots to disk.
2026-01-12 03:59:25,393 - SaveBots - INFO - Saved 1 bots to disk.
2026-01-12 06:48:05,499 - SYS_MAIN - INFO - --- ЗАПУСК ЯДРА AI_FOREX_2026 (ОЖИДАНИЕ ВЫБОРА В GUI) ---
2026-01-12 06:48:05,503 - SYS_MAIN - INFO - Запуск HMI Streamlit...
2026-01-12 06:51:12,160 - SaveBots - INFO - Saved 0 bots to disk.
2026-01-12 06:51:37,614 - DatabaseManager - ERROR - [BTC-USD_H1] Ошибка сохранения настроек: 'window_size'
2026-01-12 06:51:41,456 - DatabaseManager - ERROR - [BTC-USD_H1] Ошибка сохранения настроек: 'window_size'
2026-01-12 06:51:41,980 - DatabaseManager - ERROR - [BTC-USD_H1] Ошибка сохранения настроек: 'window_size'
2026-01-12 06:51:42,452 - DatabaseManager - ERROR - [BTC-USD_H1] Ошибка сохранения настроек: 'window_size'
2026-01-12 06:51:42,805 - DatabaseManager - ERROR - [BTC-USD_H1] Ошибка сохранения настроек: 'window_size'
2026-01-12 06:51:43,116 - DatabaseManager - ERROR - [BTC-USD_H1] Ошибка сохранения настроек: 'window_size'
2026-01-12 06:51:56,564 - DatabaseManager - ERROR - [BTC-USD_H1] Ошибка сохранения настроек: 'window_size'
2026-01-12 06:51:57,263 - DatabaseManager - ERROR - [BTC-USD_H1] Ошибка сохранения настроек: 'window_size'
2026-01-12 06:52:04,012 - DatabaseManager - ERROR - [BTC-USD_H1] Ошибка сохранения настроек: 'window_size'
2026-01-12 06:52:04,362 - DatabaseManager - ERROR - [BTC-USD_H1] Ошибка сохранения настроек: 'window_size'
2026-01-12 06:52:04,693 - DatabaseManager - ERROR - [BTC-USD_H1] Ошибка сохранения настроек: 'window_size'
2026-01-12 06:52:13,033 - DatabaseManager - ERROR - [BTC-USD_H1] Ошибка сохранения настроек: 'window_size'
2026-01-12 06:52:19,989 - DatabaseManager - ERROR - [BTC-USD_H1] Ошибка сохранения настроек: 'window_size'
2026-01-12 06:52:20,370 - DatabaseManager - ERROR - [BTC-USD_H1] Ошибка сохранения настроек: 'window_size'
2026-01-12 06:52:22,114 - DatabaseManager - ERROR - [BTC-USD_H1] Ошибка сохранения настроек: 'window_size'
2026-01-12 06:52:24,162 - DatabaseManager - ERROR - [BTC-USD_H1] Ошибка сохранения настроек: 'window_size'
2026-01-12 06:52:24,550 - DatabaseManager - ERROR - [BTC-USD_H1] Ошибка сохранения настроек: 'window_size'
2026-01-12 06:52:26,042 - DatabaseManager - ERROR - [BTC-USD_H1] Ошибка сохранения настроек: 'window_size'
2026-01-12 06:52:26,357 - DatabaseManager - ERROR - [BTC-USD_H1] Ошибка сохранения настроек: 'window_size'
2026-01-12 06:52:28,588 - DatabaseManager - ERROR - [BTC-USD_H1] Ошибка сохранения настроек: 'window_size'
2026-01-12 06:52:29,628 - DatabaseManager - ERROR - [BTC-USD_H1] Ошибка сохранения настроек: 'window_size'
2026-01-12 06:52:29,991 - DatabaseManager - ERROR - [BTC-USD_H1] Ошибка сохранения настроек: 'window_size'
2026-01-12 06:52:32,283 - DatabaseManager - ERROR - [BTC-USD_H1] Ошибка сохранения настроек: 'window_size'
2026-01-12 06:52:32,650 - DatabaseManager - ERROR - [BTC-USD_H1] Ошибка сохранения настроек: 'window_size'
2026-01-12 06:52:37,750 - DatabaseManager - ERROR - [BTC-USD_H1] Ошибка сохранения настроек: 'window_size'
2026-01-12 06:52:38,102 - DatabaseManager - ERROR - [BTC-USD_H1] Ошибка сохранения настроек: 'window_size'
2026-01-12 06:52:39,073 - DatabaseManager - ERROR - [BTC-USD_H1] Ошибка сохранения настроек: 'window_size'
2026-01-12 06:52:39,377 - DatabaseManager - ERROR - [BTC-USD_H1] Ошибка сохранения настроек: 'window_size'
2026-01-12 06:53:05,090 - DatabaseManager - ERROR - [BTC-USD_H1] Ошибка сохранения настроек: 'window_size'
2026-01-12 06:53:05,399 - DatabaseManager - ERROR - [BTC-USD_H1] Ошибка сохранения настроек: 'window_size'
2026-01-12 06:53:05,756 - DatabaseManager - ERROR - [BTC-USD_H1] Ошибка сохранения настроек: 'window_size'
2026-01-12 06:53:39,372 - DatabaseManager - ERROR - [BTC-USD_H1] Ошибка сохранения настроек: 'window_size'
2026-01-12 06:53:57,130 - DatabaseManager - ERROR - [BTC-USD_H1] Ошибка сохранения настроек: 'window_size'
2026-01-12 06:53:57,503 - DatabaseManager - ERROR - [BTC-USD_H1] Ошибка сохранения настроек: 'window_size'
2026-01-12 06:53:57,822 - DatabaseManager - ERROR - [BTC-USD_H1] Ошибка сохранения настроек: 'window_size'
2026-01-12 06:53:59,997 - DatabaseManager - ERROR - [BTC-USD_H1] Ошибка сохранения настроек: 'window_size'
2026-01-12 06:54:00,811 - DatabaseManager - ERROR - [BTC-USD_H1] Ошибка сохранения настроек: 'window_size'
2026-01-12 06:54:01,131 - DatabaseManager - ERROR - [BTC-USD_H1] Ошибка сохранения настроек: 'window_size'
2026-01-12 06:54:01,449 - DatabaseManager - ERROR - [BTC-USD_H1] Ошибка сохранения настроек: 'window_size'
2026-01-12 06:54:02,631 - DatabaseManager - ERROR - [BTC-USD_H1] Ошибка сохранения настроек: 'window_size'
2026-01-12 06:54:02,969 - DatabaseManager - ERROR - [BTC-USD_H1] Ошибка сохранения настроек: 'window_size'
2026-01-12 06:54:46,432 - SaveBots - INFO - Saved 1 bots to disk.
2026-01-12 07:11:16,168 - SYS_MAIN - INFO - --- ЗАПУСК ЯДРА AI_FOREX_2026 (ОЖИДАНИЕ ВЫБОРА В GUI) ---
2026-01-12 07:11:16,173 - SYS_MAIN - INFO - Запуск HMI Streamlit...
2026-01-12 07:11:42,832 - DatabaseManager - ERROR - [ETH-USD_D1] Ошибка сохранения настроек: 'window_size'
2026-01-12 07:12:00,352 - SaveBots - INFO - Saved 2 bots to disk.
2026-01-12 07:12:46,051 - SaveBots - INFO - Saved 1 bots to disk.
2026-01-12 07:28:17,759 - SYS_MAIN - INFO - --- ЗАПУСК ЯДРА AI_FOREX_2026 (ОЖИДАНИЕ ВЫБОРА В GUI) ---
2026-01-12 07:28:17,763 - SYS_MAIN - INFO - Запуск HMI Streamlit...
2026-01-13 05:33:28,145 - SYS_MAIN - INFO - --- ЗАПУСК ЯДРА AI_FOREX_2026 (ОЖИДАНИЕ ВЫБОРА В GUI) ---
2026-01-13 05:33:28,150 - SYS_MAIN - INFO - Запуск HMI Streamlit...
2026-01-13 05:36:42,212 - SaveBots - INFO - Saved 0 bots to disk.
2026-01-13 05:54:06,682 - SYS_MAIN - INFO - --- ЗАПУСК ЯДРА AI_FOREX_2026 (ОЖИДАНИЕ ВЫБОРА В GUI) ---
2026-01-13 05:54:06,686 - SYS_MAIN - INFO - Запуск HMI Streamlit...
2026-01-13 06:04:25,591 - SYS_MAIN - INFO - --- ЗАПУСК ЯДРА AI_FOREX_2026 (ОЖИДАНИЕ ВЫБОРА В GUI) ---
2026-01-13 06:04:25,595 - SYS_MAIN - INFO - Запуск HMI Streamlit...
2026-01-13 06:04:39,237 - SaveBots - INFO - Saved 0 bots to disk.
2026-01-13 06:06:09,708 - SYS_MAIN - INFO - --- ЗАПУСК ЯДРА AI_FOREX_2026 (ОЖИДАНИЕ ВЫБОРА В GUI) ---
2026-01-13 06:06:09,713 - SYS_MAIN - INFO - Запуск HMI Streamlit...
2026-01-13 06:26:37,422 - SYS_MAIN - INFO - --- ЗАПУСК ЯДРА AI_FOREX_2026 (ОЖИДАНИЕ ВЫБОРА В GUI) ---
2026-01-13 06:26:37,426 - SYS_MAIN - INFO - Запуск HMI Streamlit...
2026-01-13 06:27:28,930 - SaveBots - INFO - Saved 1 bots to disk.
2026-01-13 07:08:23,896 - SYS_MAIN - INFO - --- ЗАПУСК ЯДРА AI_FOREX_2026 (ОЖИДАНИЕ ВЫБОРА В GUI) ---
2026-01-13 07:08:23,900 - SYS_MAIN - INFO - Запуск HMI Streamlit...
2026-01-13 07:08:37,061 - SaveBots - INFO - Saved 0 bots to disk.
2026-01-13 07:08:46,204 - DatabaseManager - INFO - Создан бот ETH-USD_D1
2026-01-13 07:08:46,208 - SaveBots - INFO - Saved 1 bots to disk.
